{"uid":"54b7b680614def6d","name":"Change Employee ID","fullName":"tests.test_feature_profile.TestPersonaProfile#test_change_employee_id","historyId":"c713f180746154e9b1c5ef26f2a7968e","time":{"start":1769087320501,"stop":1769087320501,"duration":0},"status":"broken","statusMessage":"selenium.common.exceptions.SessionNotCreatedException: Message: session not created: Chrome instance exited. Examine ChromeDriver verbose log to determine the cause.; For documentation on this error, please visit: https://www.selenium.dev/documentation/webdriver/troubleshooting/errors#sessionnotcreatedexception\nStacktrace:\n#0 0x564404aaeb8e <unknown>\n#1 0x5644044ced22 <unknown>\n#2 0x564404507976 <unknown>\n#3 0x56440450291a <unknown>\n#4 0x56440454e105 <unknown>\n#5 0x56440454d9a9 <unknown>\n#6 0x56440453ede3 <unknown>\n#7 0x56440450ef55 <unknown>\n#8 0x56440450fb41 <unknown>\n#9 0x564404a73d90 <unknown>\n#10 0x564404a77048 <unknown>\n#11 0x564404a76afa <unknown>\n#12 0x564404a774b5 <unknown>\n#13 0x564404a6388b <unknown>\n#14 0x564404a77817 <unknown>\n#15 0x564404a4b326 <unknown>\n#16 0x564404a9c4a5 <unknown>\n#17 0x564404a9c69c <unknown>\n#18 0x564404aadeea <unknown>\n#19 0x7fd2c48111f5 <unknown>","statusTrace":"request = <SubRequest 'driver' for <Function test_change_employee_id[3ver212]>>\n\n    @pytest.fixture(autouse=True, scope=\"function\")\n    def driver(request):\n        options = Options()\n        options.add_argument('--headless=new')\n        options.add_argument(\"--no-sandbox\")\n        options.add_argument(\"--disable-dev-shm-usage\")\n        options.add_argument(\"--window-size=1920,1080\")\n        options.add_argument(\"--force-device-scale-factor=1\")\n        options.add_argument(\"--disable-gpu\")\n>       driver = webdriver.Chrome(options=options)\n                 ^^^^^^^^^^^^^^^^^^^^^^^^^^^^^^^^^\n\nconftest.py:15: \n_ _ _ _ _ _ _ _ _ _ _ _ _ _ _ _ _ _ _ _ _ _ _ _ _ _ _ _ _ _ _ _ _ _ _ _ _ _ _ _ \n../local/lib/python3.12/site-packages/selenium/webdriver/chrome/webdriver.py:46: in __init__\n    super().__init__(\n../local/lib/python3.12/site-packages/selenium/webdriver/chromium/webdriver.py:67: in __init__\n    super().__init__(command_executor=executor, options=options)\n../local/lib/python3.12/site-packages/selenium/webdriver/remote/webdriver.py:257: in __init__\n    self.start_session(capabilities)\n../local/lib/python3.12/site-packages/selenium/webdriver/remote/webdriver.py:352: in start_session\n    response = self.execute(Command.NEW_SESSION, caps)[\"value\"]\n               ^^^^^^^^^^^^^^^^^^^^^^^^^^^^^^^^^^^^^^^\n../local/lib/python3.12/site-packages/selenium/webdriver/remote/webdriver.py:432: in execute\n    self.error_handler.check_response(response)\n_ _ _ _ _ _ _ _ _ _ _ _ _ _ _ _ _ _ _ _ _ _ _ _ _ _ _ _ _ _ _ _ _ _ _ _ _ _ _ _ \n\nself = <selenium.webdriver.remote.errorhandler.ErrorHandler object at 0x7f6088cfeb40>\nresponse = {'status': 500, 'value': '{\"value\":{\"error\":\"session not created\",\"message\":\"session not created: Chrome instance exit...\\\\n#17 0x564404a9c69c \\\\u003Cunknown>\\\\n#18 0x564404aadeea \\\\u003Cunknown>\\\\n#19 0x7fd2c48111f5 \\\\u003Cunknown>\\\\n\"}}'}\n\n    def check_response(self, response: dict[str, Any]) -> None:\n        \"\"\"Check that a JSON response from the WebDriver does not have an error.\n    \n        Args:\n            response: The JSON response from the WebDriver server as a dictionary\n                object.\n    \n        Raises:\n            WebDriverException: If the response contains an error message.\n        \"\"\"\n        status = response.get(\"status\", None)\n        if not status or status == ErrorCode.SUCCESS:\n            return\n        value = None\n        message = response.get(\"message\", \"\")\n        screen: str = response.get(\"screen\", \"\")\n        stacktrace = None\n        if isinstance(status, int):\n            value_json = response.get(\"value\", None)\n            if value_json and isinstance(value_json, str):\n                try:\n                    value = json.loads(value_json)\n                    if isinstance(value, dict):\n                        if len(value) == 1:\n                            value = value[\"value\"]\n                        status = value.get(\"error\", None)\n                        if not status:\n                            status = value.get(\"status\", ErrorCode.UNKNOWN_ERROR)\n                            message = value.get(\"value\") or value.get(\"message\")\n                            if not isinstance(message, str):\n                                value = message\n                                message = message.get(\"message\") if isinstance(message, dict) else None\n                        else:\n                            message = value.get(\"message\", None)\n                except ValueError:\n                    pass\n    \n        exception_class: type[WebDriverException]\n        e = ErrorCode()\n        error_codes = [item for item in dir(e) if not item.startswith(\"__\")]\n        for error_code in error_codes:\n            error_info = getattr(ErrorCode, error_code)\n            if isinstance(error_info, list) and status in error_info:\n                exception_class = getattr(ExceptionMapping, error_code, WebDriverException)\n                break\n        else:\n            exception_class = WebDriverException\n    \n        if not value:\n            value = response[\"value\"]\n        if isinstance(value, str):\n            raise exception_class(value)\n        if message == \"\" and \"message\" in value:\n            message = value[\"message\"]\n    \n        screen = None  # type: ignore[assignment]\n        if \"screen\" in value:\n            screen = value[\"screen\"]\n    \n        stacktrace = None\n        st_value = value.get(\"stackTrace\") or value.get(\"stacktrace\")\n        if st_value:\n            if isinstance(st_value, str):\n                stacktrace = st_value.split(\"\\n\")\n            else:\n                stacktrace = []\n                try:\n                    for frame in st_value:\n                        line = frame.get(\"lineNumber\", \"\")\n                        file = frame.get(\"fileName\", \"<anonymous>\")\n                        if line:\n                            file = f\"{file}:{line}\"\n                        meth = frame.get(\"methodName\", \"<anonymous>\")\n                        if \"className\" in frame:\n                            meth = f\"{frame['className']}.{meth}\"\n                        msg = \"    at %s (%s)\"\n                        msg = msg % (meth, file)\n                        stacktrace.append(msg)\n                except TypeError:\n                    pass\n        if exception_class == UnexpectedAlertPresentException:\n            alert_text = None\n            if \"data\" in value:\n                alert_text = value[\"data\"].get(\"text\")\n            elif \"alert\" in value:\n                alert_text = value[\"alert\"].get(\"text\")\n            raise exception_class(message, screen, stacktrace, alert_text)  # type: ignore[call-arg]  # mypy is not smart enough here\n>       raise exception_class(message, screen, stacktrace)\nE       selenium.common.exceptions.SessionNotCreatedException: Message: session not created: Chrome instance exited. Examine ChromeDriver verbose log to determine the cause.; For documentation on this error, please visit: https://www.selenium.dev/documentation/webdriver/troubleshooting/errors#sessionnotcreatedexception\nE       Stacktrace:\nE       #0 0x564404aaeb8e <unknown>\nE       #1 0x5644044ced22 <unknown>\nE       #2 0x564404507976 <unknown>\nE       #3 0x56440450291a <unknown>\nE       #4 0x56440454e105 <unknown>\nE       #5 0x56440454d9a9 <unknown>\nE       #6 0x56440453ede3 <unknown>\nE       #7 0x56440450ef55 <unknown>\nE       #8 0x56440450fb41 <unknown>\nE       #9 0x564404a73d90 <unknown>\nE       #10 0x564404a77048 <unknown>\nE       #11 0x564404a76afa <unknown>\nE       #12 0x564404a774b5 <unknown>\nE       #13 0x564404a6388b <unknown>\nE       #14 0x564404a77817 <unknown>\nE       #15 0x564404a4b326 <unknown>\nE       #16 0x564404a9c4a5 <unknown>\nE       #17 0x564404a9c69c <unknown>\nE       #18 0x564404aadeea <unknown>\nE       #19 0x7fd2c48111f5 <unknown>\n\n../local/lib/python3.12/site-packages/selenium/webdriver/remote/errorhandler.py:232: SessionNotCreatedException","flaky":false,"newFailed":false,"newBroken":false,"newPassed":false,"retriesCount":0,"retriesStatusChange":false,"beforeStages":[{"name":"driver","time":{"start":1769087320501,"stop":1769087320871,"duration":370},"status":"broken","statusMessage":"selenium.common.exceptions.SessionNotCreatedException: Message: session not created: Chrome instance exited. Examine ChromeDriver verbose log to determine the cause.; For documentation on this error, please visit: https://www.selenium.dev/documentation/webdriver/troubleshooting/errors#sessionnotcreatedexception\nStacktrace:\n#0 0x564404aaeb8e <unknown>\n#1 0x5644044ced22 <unknown>\n#2 0x564404507976 <unknown>\n#3 0x56440450291a <unknown>\n#4 0x56440454e105 <unknown>\n#5 0x56440454d9a9 <unknown>\n#6 0x56440453ede3 <unknown>\n#7 0x56440450ef55 <unknown>\n#8 0x56440450fb41 <unknown>\n#9 0x564404a73d90 <unknown>\n#10 0x564404a77048 <unknown>\n#11 0x564404a76afa <unknown>\n#12 0x564404a774b5 <unknown>\n#13 0x564404a6388b <unknown>\n#14 0x564404a77817 <unknown>\n#15 0x564404a4b326 <unknown>\n#16 0x564404a9c4a5 <unknown>\n#17 0x564404a9c69c <unknown>\n#18 0x564404aadeea <unknown>\n#19 0x7fd2c48111f5 <unknown>\n\n","statusTrace":"  File \"/usr/local/lib/python3.12/site-packages/pluggy/_callers.py\", line 38, in run_old_style_hookwrapper\n    res = yield\n          ^^^^^\n  File \"/usr/local/lib/python3.12/site-packages/pluggy/_callers.py\", line 139, in _multicall\n    teardown.throw(exception)\n  File \"/usr/local/lib/python3.12/site-packages/_pytest/setuponly.py\", line 36, in pytest_fixture_setup\n    return (yield)\n            ^^^^^\n  File \"/usr/local/lib/python3.12/site-packages/pluggy/_callers.py\", line 121, in _multicall\n    res = hook_impl.function(*args)\n          ^^^^^^^^^^^^^^^^^^^^^^^^^\n  File \"/usr/local/lib/python3.12/site-packages/_pytest/fixtures.py\", line 1202, in pytest_fixture_setup\n    result = call_fixture_func(fixturefunc, request, kwargs)\n             ^^^^^^^^^^^^^^^^^^^^^^^^^^^^^^^^^^^^^^^^^^^^^^^\n  File \"/usr/local/lib/python3.12/site-packages/_pytest/fixtures.py\", line 908, in call_fixture_func\n    fixture_result = next(generator)\n                     ^^^^^^^^^^^^^^^\n  File \"/usr/workspace/conftest.py\", line 15, in driver\n    driver = webdriver.Chrome(options=options)\n             ^^^^^^^^^^^^^^^^^^^^^^^^^^^^^^^^^\n  File \"/usr/local/lib/python3.12/site-packages/selenium/webdriver/chrome/webdriver.py\", line 46, in __init__\n    super().__init__(\n  File \"/usr/local/lib/python3.12/site-packages/selenium/webdriver/chromium/webdriver.py\", line 67, in __init__\n    super().__init__(command_executor=executor, options=options)\n  File \"/usr/local/lib/python3.12/site-packages/selenium/webdriver/remote/webdriver.py\", line 257, in __init__\n    self.start_session(capabilities)\n  File \"/usr/local/lib/python3.12/site-packages/selenium/webdriver/remote/webdriver.py\", line 352, in start_session\n    response = self.execute(Command.NEW_SESSION, caps)[\"value\"]\n               ^^^^^^^^^^^^^^^^^^^^^^^^^^^^^^^^^^^^^^^\n  File \"/usr/local/lib/python3.12/site-packages/selenium/webdriver/remote/webdriver.py\", line 432, in execute\n    self.error_handler.check_response(response)\n  File \"/usr/local/lib/python3.12/site-packages/selenium/webdriver/remote/errorhandler.py\", line 232, in check_response\n    raise exception_class(message, screen, stacktrace)\n","steps":[],"attachments":[],"parameters":[],"shouldDisplayMessage":true,"stepsCount":0,"attachmentsCount":0,"hasContent":true,"attachmentStep":false}],"testStage":{"status":"broken","statusMessage":"selenium.common.exceptions.SessionNotCreatedException: Message: session not created: Chrome instance exited. Examine ChromeDriver verbose log to determine the cause.; For documentation on this error, please visit: https://www.selenium.dev/documentation/webdriver/troubleshooting/errors#sessionnotcreatedexception\nStacktrace:\n#0 0x564404aaeb8e <unknown>\n#1 0x5644044ced22 <unknown>\n#2 0x564404507976 <unknown>\n#3 0x56440450291a <unknown>\n#4 0x56440454e105 <unknown>\n#5 0x56440454d9a9 <unknown>\n#6 0x56440453ede3 <unknown>\n#7 0x56440450ef55 <unknown>\n#8 0x56440450fb41 <unknown>\n#9 0x564404a73d90 <unknown>\n#10 0x564404a77048 <unknown>\n#11 0x564404a76afa <unknown>\n#12 0x564404a774b5 <unknown>\n#13 0x564404a6388b <unknown>\n#14 0x564404a77817 <unknown>\n#15 0x564404a4b326 <unknown>\n#16 0x564404a9c4a5 <unknown>\n#17 0x564404a9c69c <unknown>\n#18 0x564404aadeea <unknown>\n#19 0x7fd2c48111f5 <unknown>","statusTrace":"request = <SubRequest 'driver' for <Function test_change_employee_id[3ver212]>>\n\n    @pytest.fixture(autouse=True, scope=\"function\")\n    def driver(request):\n        options = Options()\n        options.add_argument('--headless=new')\n        options.add_argument(\"--no-sandbox\")\n        options.add_argument(\"--disable-dev-shm-usage\")\n        options.add_argument(\"--window-size=1920,1080\")\n        options.add_argument(\"--force-device-scale-factor=1\")\n        options.add_argument(\"--disable-gpu\")\n>       driver = webdriver.Chrome(options=options)\n                 ^^^^^^^^^^^^^^^^^^^^^^^^^^^^^^^^^\n\nconftest.py:15: \n_ _ _ _ _ _ _ _ _ _ _ _ _ _ _ _ _ _ _ _ _ _ _ _ _ _ _ _ _ _ _ _ _ _ _ _ _ _ _ _ \n../local/lib/python3.12/site-packages/selenium/webdriver/chrome/webdriver.py:46: in __init__\n    super().__init__(\n../local/lib/python3.12/site-packages/selenium/webdriver/chromium/webdriver.py:67: in __init__\n    super().__init__(command_executor=executor, options=options)\n../local/lib/python3.12/site-packages/selenium/webdriver/remote/webdriver.py:257: in __init__\n    self.start_session(capabilities)\n../local/lib/python3.12/site-packages/selenium/webdriver/remote/webdriver.py:352: in start_session\n    response = self.execute(Command.NEW_SESSION, caps)[\"value\"]\n               ^^^^^^^^^^^^^^^^^^^^^^^^^^^^^^^^^^^^^^^\n../local/lib/python3.12/site-packages/selenium/webdriver/remote/webdriver.py:432: in execute\n    self.error_handler.check_response(response)\n_ _ _ _ _ _ _ _ _ _ _ _ _ _ _ _ _ _ _ _ _ _ _ _ _ _ _ _ _ _ _ _ _ _ _ _ _ _ _ _ \n\nself = <selenium.webdriver.remote.errorhandler.ErrorHandler object at 0x7f6088cfeb40>\nresponse = {'status': 500, 'value': '{\"value\":{\"error\":\"session not created\",\"message\":\"session not created: Chrome instance exit...\\\\n#17 0x564404a9c69c \\\\u003Cunknown>\\\\n#18 0x564404aadeea \\\\u003Cunknown>\\\\n#19 0x7fd2c48111f5 \\\\u003Cunknown>\\\\n\"}}'}\n\n    def check_response(self, response: dict[str, Any]) -> None:\n        \"\"\"Check that a JSON response from the WebDriver does not have an error.\n    \n        Args:\n            response: The JSON response from the WebDriver server as a dictionary\n                object.\n    \n        Raises:\n            WebDriverException: If the response contains an error message.\n        \"\"\"\n        status = response.get(\"status\", None)\n        if not status or status == ErrorCode.SUCCESS:\n            return\n        value = None\n        message = response.get(\"message\", \"\")\n        screen: str = response.get(\"screen\", \"\")\n        stacktrace = None\n        if isinstance(status, int):\n            value_json = response.get(\"value\", None)\n            if value_json and isinstance(value_json, str):\n                try:\n                    value = json.loads(value_json)\n                    if isinstance(value, dict):\n                        if len(value) == 1:\n                            value = value[\"value\"]\n                        status = value.get(\"error\", None)\n                        if not status:\n                            status = value.get(\"status\", ErrorCode.UNKNOWN_ERROR)\n                            message = value.get(\"value\") or value.get(\"message\")\n                            if not isinstance(message, str):\n                                value = message\n                                message = message.get(\"message\") if isinstance(message, dict) else None\n                        else:\n                            message = value.get(\"message\", None)\n                except ValueError:\n                    pass\n    \n        exception_class: type[WebDriverException]\n        e = ErrorCode()\n        error_codes = [item for item in dir(e) if not item.startswith(\"__\")]\n        for error_code in error_codes:\n            error_info = getattr(ErrorCode, error_code)\n            if isinstance(error_info, list) and status in error_info:\n                exception_class = getattr(ExceptionMapping, error_code, WebDriverException)\n                break\n        else:\n            exception_class = WebDriverException\n    \n        if not value:\n            value = response[\"value\"]\n        if isinstance(value, str):\n            raise exception_class(value)\n        if message == \"\" and \"message\" in value:\n            message = value[\"message\"]\n    \n        screen = None  # type: ignore[assignment]\n        if \"screen\" in value:\n            screen = value[\"screen\"]\n    \n        stacktrace = None\n        st_value = value.get(\"stackTrace\") or value.get(\"stacktrace\")\n        if st_value:\n            if isinstance(st_value, str):\n                stacktrace = st_value.split(\"\\n\")\n            else:\n                stacktrace = []\n                try:\n                    for frame in st_value:\n                        line = frame.get(\"lineNumber\", \"\")\n                        file = frame.get(\"fileName\", \"<anonymous>\")\n                        if line:\n                            file = f\"{file}:{line}\"\n                        meth = frame.get(\"methodName\", \"<anonymous>\")\n                        if \"className\" in frame:\n                            meth = f\"{frame['className']}.{meth}\"\n                        msg = \"    at %s (%s)\"\n                        msg = msg % (meth, file)\n                        stacktrace.append(msg)\n                except TypeError:\n                    pass\n        if exception_class == UnexpectedAlertPresentException:\n            alert_text = None\n            if \"data\" in value:\n                alert_text = value[\"data\"].get(\"text\")\n            elif \"alert\" in value:\n                alert_text = value[\"alert\"].get(\"text\")\n            raise exception_class(message, screen, stacktrace, alert_text)  # type: ignore[call-arg]  # mypy is not smart enough here\n>       raise exception_class(message, screen, stacktrace)\nE       selenium.common.exceptions.SessionNotCreatedException: Message: session not created: Chrome instance exited. Examine ChromeDriver verbose log to determine the cause.; For documentation on this error, please visit: https://www.selenium.dev/documentation/webdriver/troubleshooting/errors#sessionnotcreatedexception\nE       Stacktrace:\nE       #0 0x564404aaeb8e <unknown>\nE       #1 0x5644044ced22 <unknown>\nE       #2 0x564404507976 <unknown>\nE       #3 0x56440450291a <unknown>\nE       #4 0x56440454e105 <unknown>\nE       #5 0x56440454d9a9 <unknown>\nE       #6 0x56440453ede3 <unknown>\nE       #7 0x56440450ef55 <unknown>\nE       #8 0x56440450fb41 <unknown>\nE       #9 0x564404a73d90 <unknown>\nE       #10 0x564404a77048 <unknown>\nE       #11 0x564404a76afa <unknown>\nE       #12 0x564404a774b5 <unknown>\nE       #13 0x564404a6388b <unknown>\nE       #14 0x564404a77817 <unknown>\nE       #15 0x564404a4b326 <unknown>\nE       #16 0x564404a9c4a5 <unknown>\nE       #17 0x564404a9c69c <unknown>\nE       #18 0x564404aadeea <unknown>\nE       #19 0x7fd2c48111f5 <unknown>\n\n../local/lib/python3.12/site-packages/selenium/webdriver/remote/errorhandler.py:232: SessionNotCreatedException","steps":[],"attachments":[{"uid":"ed6c5eff39b647c3","name":"log","source":"ed6c5eff39b647c3.txt","type":"text/plain","size":317}],"parameters":[],"shouldDisplayMessage":true,"stepsCount":0,"attachmentsCount":1,"hasContent":true,"attachmentStep":false},"afterStages":[],"labels":[{"name":"feature","value":"Profile Functionality"},{"name":"severity","value":"Critical"},{"name":"tag","value":"smoke"},{"name":"parentSuite","value":"tests"},{"name":"suite","value":"test_feature_profile"},{"name":"subSuite","value":"TestPersonaProfile"},{"name":"host","value":"7b2bcaa69830"},{"name":"thread","value":"12-MainThread"},{"name":"framework","value":"pytest"},{"name":"language","value":"cpython3"},{"name":"package","value":"tests.test_feature_profile"},{"name":"resultFormat","value":"allure2"}],"parameters":[{"name":"employee_id","value":"'3ver212'"}],"links":[],"hidden":false,"retry":false,"extra":{"severity":"critical","retries":[],"categories":[{"name":"Test defects","matchedStatuses":[]}],"tags":["smoke"]},"source":"54b7b680614def6d.json","parameterValues":["'3ver212'"]}